[0627/151205.474:ERROR:crash_report_database_win.cc(428)] unexpected header
[0627/153719.582:ERROR:crash_report_database_win.cc(428)] unexpected header
[0627/154107.198:ERROR:crash_report_database_win.cc(428)] unexpected header
[0627/170312.192:ERROR:crash_report_database_win.cc(428)] unexpected header
[0627/184001.297:ERROR:crash_report_database_win.cc(428)] unexpected header
[0627/185001.297:ERROR:crash_report_database_win.cc(428)] unexpected header
[0627/185001.297:ERROR:crash_report_database_win.cc(428)] unexpected header
[0627/185501.297:ERROR:crash_report_database_win.cc(428)] unexpected header
[0627/191001.298:ERROR:crash_report_database_win.cc(428)] unexpected header
[0627/192501.299:ERROR:crash_report_database_win.cc(428)] unexpected header
[0627/194001.300:ERROR:crash_report_database_win.cc(428)] unexpected header
[0627/195501.301:ERROR:crash_report_database_win.cc(428)] unexpected header
[0627/201001.301:ERROR:crash_report_database_win.cc(428)] unexpected header
[0627/202501.302:ERROR:crash_report_database_win.cc(428)] unexpected header
[0627/204001.302:ERROR:crash_report_database_win.cc(428)] unexpected header
[0627/205501.302:ERROR:crash_report_database_win.cc(428)] unexpected header
[0627/212605.090:ERROR:crash_report_database_win.cc(428)] unexpected header
[0627/223736.380:ERROR:crash_report_database_win.cc(428)] unexpected header
[0628/125216.878:ERROR:crash_report_database_win.cc(428)] unexpected header
[0628/130249.578:ERROR:crash_report_database_win.cc(428)] unexpected header
[0628/133437.694:ERROR:crash_report_database_win.cc(428)] unexpected header
[0628/134319.283:ERROR:crash_report_database_win.cc(428)] unexpected header
[0628/145205.605:ERROR:crash_report_database_win.cc(428)] unexpected header
[0628/192424.486:ERROR:crash_report_database_win.cc(428)] unexpected header
[0628/224053.403:ERROR:crash_report_database_win.cc(428)] unexpected header
[0628/231229.153:ERROR:crash_report_database_win.cc(428)] unexpected header
[0628/231723.483:ERROR:crash_report_database_win.cc(428)] unexpected header
[0628/231857.093:ERROR:crash_report_database_win.cc(428)] unexpected header
[0629/105822.847:ERROR:crash_report_database_win.cc(428)] unexpected header
[0629/110123.408:ERROR:crash_report_database_win.cc(428)] unexpected header
[0629/131552.885:ERROR:crash_report_database_win.cc(428)] unexpected header
[0629/141038.414:ERROR:crash_report_database_win.cc(428)] unexpected header
[0629/143006.550:ERROR:crash_report_database_win.cc(428)] unexpected header
[0629/181810.633:ERROR:crash_report_database_win.cc(428)] unexpected header
[0629/191431.478:ERROR:crash_report_database_win.cc(428)] unexpected header
[0629/192431.478:ERROR:crash_report_database_win.cc(428)] unexpected header
[0629/192431.478:ERROR:crash_report_database_win.cc(428)] unexpected header
[0629/192931.480:ERROR:crash_report_database_win.cc(428)] unexpected header
[0629/194431.480:ERROR:crash_report_database_win.cc(428)] unexpected header
[0629/195931.480:ERROR:crash_report_database_win.cc(428)] unexpected header
[0629/201431.481:ERROR:crash_report_database_win.cc(428)] unexpected header
[0629/202931.481:ERROR:crash_report_database_win.cc(428)] unexpected header
[0629/212645.336:ERROR:crash_report_database_win.cc(428)] unexpected header
[0630/155006.187:ERROR:crash_report_database_win.cc(428)] unexpected header
[0630/182436.446:ERROR:crash_report_database_win.cc(428)] unexpected header
[0630/212033.796:ERROR:crash_report_database_win.cc(428)] unexpected header
[0701/124420.805:ERROR:crash_report_database_win.cc(428)] unexpected header
[0701/130502.995:ERROR:crash_report_database_win.cc(428)] unexpected header
[0701/130728.758:ERROR:crash_report_database_win.cc(428)] unexpected header
[0701/150519.301:ERROR:crash_report_database_win.cc(428)] unexpected header
[0702/164154.739:ERROR:crash_report_database_win.cc(428)] unexpected header
[0702/170109.996:ERROR:crash_report_database_win.cc(428)] unexpected header
[0703/115211.870:ERROR:crash_report_database_win.cc(428)] unexpected header
[0703/121120.384:ERROR:crash_report_database_win.cc(428)] unexpected header
[0703/124229.946:ERROR:crash_report_database_win.cc(428)] unexpected header
[0703/215756.952:ERROR:crash_report_database_win.cc(428)] unexpected header
[0703/230740.021:ERROR:crash_report_database_win.cc(428)] unexpected header
[0704/095841.974:ERROR:crash_report_database_win.cc(428)] unexpected header
[0704/102913.704:ERROR:crash_report_database_win.cc(428)] unexpected header
[0704/190824.728:ERROR:crash_report_database_win.cc(428)] unexpected header
[0803/191912.048:ERROR:settings.cc(320)] Settings magic is not 1129342067
[1209/225412.434:ERROR:directory_reader_win.cc(43)] FindFirstFile: The system cannot find the path specified. (0x3)
[1210/121808.703:ERROR:directory_reader_win.cc(43)] FindFirstFile: The system cannot find the path specified. (0x3)
[1218/085030.998:ERROR:directory_reader_win.cc(43)] FindFirstFile: The system cannot find the path specified. (0x3)
[1220/215953.017:ERROR:directory_reader_win.cc(43)] FindFirstFile: The system cannot find the path specified. (0x3)
[1221/184512.970:ERROR:directory_reader_win.cc(43)] FindFirstFile: The system cannot find the path specified. (0x3)
[1222/145452.950:ERROR:directory_reader_win.cc(43)] FindFirstFile: The system cannot find the path specified. (0x3)
[1222/184222.463:ERROR:process_reader_win.cc(123)] NtOpenThread: {Access Denied} A process has requested access to an object, but has not been granted those access rights. (0xc0000022)
[1222/184222.463:ERROR:exception_snapshot_win.cc(99)] thread ID 2104 not found in process
[1222/184222.471:ERROR:process_reader_win.cc(123)] NtOpenThread: {Access Denied} A process has requested access to an object, but has not been granted those access rights. (0xc0000022)
[1222/184222.471:ERROR:exception_snapshot_win.cc(99)] thread ID 9596 not found in process
[1222/184222.487:ERROR:process_reader_win.cc(123)] NtOpenThread: {Access Denied} A process has requested access to an object, but has not been granted those access rights. (0xc0000022)
[1222/184222.487:ERROR:exception_snapshot_win.cc(99)] thread ID 2608 not found in process
[1222/225301.862:ERROR:directory_reader_win.cc(43)] FindFirstFile: The system cannot find the path specified. (0x3)
[1223/120000.490:ERROR:directory_reader_win.cc(43)] FindFirstFile: The system cannot find the path specified. (0x3)
[1224/103048.983:ERROR:directory_reader_win.cc(43)] FindFirstFile: The system cannot find the path specified. (0x3)
[1224/120412.934:ERROR:directory_reader_win.cc(43)] FindFirstFile: The system cannot find the path specified. (0x3)
[1224/181526.347:ERROR:directory_reader_win.cc(43)] FindFirstFile: The system cannot find the path specified. (0x3)
[1228/112540.191:ERROR:directory_reader_win.cc(43)] FindFirstFile: The system cannot find the path specified. (0x3)
[1228/194911.320:ERROR:directory_reader_win.cc(43)] FindFirstFile: The system cannot find the path specified. (0x3)
